2025-05-29 14:05:03,108 - INFO - Starting PubMed abstract extraction
2025-05-29 14:05:03,108 - INFO - Input file: ../data/data.csv
2025-05-29 14:05:03,108 - INFO - Output file: output.csv
2025-05-29 14:05:03,108 - INFO - Batch size: 100
2025-05-29 14:05:03,108 - INFO - Max workers: 1
2025-05-29 14:05:03,108 - INFO - File encoding: cp1252
2025-05-29 14:05:03,111 - ERROR - Error processing CSV: 'charmap' codec can't decode byte 0x81 in position 141257: character maps to <undefined>
2025-05-29 14:13:51,874 - INFO - Starting PubMed abstract extraction
2025-05-29 14:13:51,874 - INFO - Input file: ../data/data.csv
2025-05-29 14:13:51,874 - INFO - Output file: output.csv
2025-05-29 14:13:51,874 - INFO - Batch size: 100
2025-05-29 14:13:51,874 - INFO - Max workers: 1
2025-05-29 14:13:51,874 - INFO - Specified encoding: Auto-detect
2025-05-29 14:13:51,914 - INFO - Detected encoding: utf-8 (confidence: 0.99)
2025-05-29 14:13:51,914 - INFO - Trying to read file with encoding: utf-8
2025-05-29 14:13:51,933 - INFO - Successfully read file with encoding: utf-8
2025-05-29 14:13:51,933 - INFO - Processing 7338 articles
2025-05-29 14:15:34,578 - INFO - File saved with UTF-8 encoding
2025-05-29 14:15:34,578 - INFO - Successfully saved 7338 articles with abstracts to output.csv
2025-05-29 14:15:34,580 - INFO - Articles with abstracts: 7289/7338 (99.33%)
2025-05-29 14:15:34,581 - INFO - Extraction completed
